2025-02-28 16:32:21,594 - INFO - Starting Sybase to ORACLE conversion
2025-02-28 16:32:21,594 - INFO - Input directory: input
2025-02-28 16:32:21,594 - INFO - Output directory: output
2025-02-28 16:32:21,594 - INFO - Target database: oracle
2025-02-28 16:32:21,594 - INFO - Initialized converter for target: oracle
2025-02-28 16:32:21,594 - INFO - Starting conversion from input to output/oracle for target oracle
2025-02-28 16:32:21,596 - INFO - Applied rule '\bTINYINT\b' to 'NUMBER(3)' (1 occurrences) in sybase_good.sql
2025-02-28 16:32:21,597 - INFO - Applied rule '\bDECIMAL\b' to 'NUMBER' (23 occurrences) in sybase_good.sql
2025-02-28 16:32:21,599 - INFO - Applied rule '\bDATETIME\b' to 'TIMESTAMP' (7 occurrences) in sybase_good.sql
2025-02-28 16:32:21,600 - INFO - Applied rule '\bDATE\b' to 'DATE' (5 occurrences) in sybase_good.sql
2025-02-28 16:32:21,601 - INFO - Applied rule '\bTIME\b' to 'TIMESTAMP' (3 occurrences) in sybase_good.sql
2025-02-28 16:32:21,602 - INFO - Applied rule '\bCHAR\b' to 'CHAR' (2 occurrences) in sybase_good.sql
2025-02-28 16:32:21,603 - INFO - Applied rule '\bVARCHAR\b' to 'VARCHAR2' (35 occurrences) in sybase_good.sql
2025-02-28 16:32:21,603 - INFO - Applied rule '\bTEXT\b' to 'CLOB' (1 occurrences) in sybase_good.sql
2025-02-28 16:32:21,605 - INFO - Applied rule '\bBIT\b' to 'NUMBER(1)' (4 occurrences) in sybase_good.sql
2025-02-28 16:32:21,607 - INFO - Applied rule 'CREATE\s+PROCEDURE' to 'CREATE OR REPLACE PROCEDURE' (1 occurrences) in sybase_good.sql
2025-02-28 16:32:21,607 - INFO - Applied rule '\bGO\b' to '/' (4 occurrences) in sybase_good.sql
2025-02-28 16:32:21,608 - INFO - Applied rule 'getdate\(\)' to 'SYSDATE' (3 occurrences) in sybase_good.sql
2025-02-28 16:32:21,609 - INFO - Applied rule '@@rowcount' to 'SQL%ROWCOUNT' (3 occurrences) in sybase_good.sql
2025-02-28 16:32:21,610 - INFO - Applied rule 'begin\s+tran(saction)?' to '-- Transaction begins implicitly in Oracle' (2 occurrences) in sybase_good.sql
2025-02-28 16:32:21,610 - INFO - Applied rule 'commit\s+tran(saction)?' to 'COMMIT' (2 occurrences) in sybase_good.sql
2025-02-28 16:32:21,610 - INFO - Applied rule 'rollback\s+tran(saction)?' to 'ROLLBACK' (2 occurrences) in sybase_good.sql
2025-02-28 16:32:21,611 - INFO - Applied rule 'create\s+table\s+#(\w+)' to 'CREATE GLOBAL TEMPORARY TABLE \1' (2 occurrences) in sybase_good.sql
2025-02-28 16:32:21,617 - INFO - Applied rule 'DATEADD\((\w+),\s*([^,]+),\s*([^)]+)\)' to '/* Use appropriate Oracle date function: 
YEAR: ADD_MONTHS(\3, 12*\2) 
MONTH: ADD_MONTHS(\3, \2) 
DAY: \3 + \2 
HOUR: \3 + \2/24 
MINUTE: \3 + \2/(24*60) 
SECOND: \3 + \2/(24*60*60) */' (2 occurrences) in sybase_good.sql
2025-02-28 16:32:21,618 - INFO - Applied rule 'DATEDIFF\((\w+),\s*([^,]+),\s*([^)]+)\)' to '/* Use appropriate Oracle date function: 
YEAR: MONTHS_BETWEEN(\3, \2)/12 
MONTH: MONTHS_BETWEEN(\3, \2) 
DAY: \3 - \2 
HOUR: (\3 - \2)*24 
MINUTE: (\3 - \2)*24*60 
SECOND: (\3 - \2)*24*60*60 */' (1 occurrences) in sybase_good.sql
2025-02-28 16:32:21,621 - INFO - Applied rule '(INSERT|UPDATE|DELETE|SELECT)(.+?)(\n\s*[A-Z])' to '\1\2;\3' (27 occurrences) in sybase_good.sql
2025-02-28 16:32:21,621 - INFO - Converted sybase_good.sql with 130 changes
2025-02-28 16:32:21,621 - INFO - Conversion complete. Processed 1 files, 1 had changes, 130 total changes.
2025-02-28 16:32:21,622 - INFO - Conversion completed
2025-02-28 16:32:21,622 - INFO - Files processed: 1
2025-02-28 16:32:21,622 - INFO - Files with changes: 1
2025-02-28 16:32:21,622 - INFO - Total changes made: 130
