2025-03-06 22:23:15,661 - INFO - Starting Sybase to MS SQL stored procedure conversion
2025-03-06 22:23:15,661 - INFO - Input directory: input
2025-03-06 22:23:15,661 - INFO - Output directory: output
2025-03-06 22:23:15,661 - INFO - Starting conversion from input to output
2025-03-06 22:23:15,663 - INFO - Applied rule '\bTINYINT\b' to 'TINYINT' (1 occurrences) in sybase_good.sql
2025-03-06 22:23:15,663 - INFO - Applied rule '\bDECIMAL\b' to 'DECIMAL' (23 occurrences) in sybase_good.sql
2025-03-06 22:23:15,666 - INFO - Applied rule '\bDATETIME\b' to 'DATETIME' (7 occurrences) in sybase_good.sql
2025-03-06 22:23:15,667 - INFO - Applied rule '\bDATE\b' to 'DATE' (5 occurrences) in sybase_good.sql
2025-03-06 22:23:15,668 - INFO - Applied rule '\bTIME\b' to 'TIME' (3 occurrences) in sybase_good.sql
2025-03-06 22:23:15,668 - INFO - Applied rule '\bCHAR\b' to 'CHAR' (2 occurrences) in sybase_good.sql
2025-03-06 22:23:15,669 - INFO - Applied rule '\bVARCHAR\b' to 'VARCHAR' (35 occurrences) in sybase_good.sql
2025-03-06 22:23:15,670 - INFO - Applied rule '\bTEXT\b' to 'VARCHAR(MAX)' (1 occurrences) in sybase_good.sql
2025-03-06 22:23:15,672 - INFO - Applied rule '\bBIT\b' to 'BIT' (4 occurrences) in sybase_good.sql
2025-03-06 22:23:15,673 - INFO - Applied rule 'CREATE\s+PROCEDURE' to 'CREATE PROCEDURE' (1 occurrences) in sybase_good.sql
2025-03-06 22:23:15,674 - INFO - Applied rule '\bGO\b' to 'GO' (4 occurrences) in sybase_good.sql
2025-03-06 22:23:15,675 - INFO - Applied rule 'getdate\(\)' to 'GETDATE()' (3 occurrences) in sybase_good.sql
2025-03-06 22:23:15,675 - INFO - Applied rule '@@rowcount' to '@@ROWCOUNT' (3 occurrences) in sybase_good.sql
2025-03-06 22:23:15,676 - INFO - Applied rule 'begin\s+tran(saction)?' to 'BEGIN TRANSACTION' (2 occurrences) in sybase_good.sql
2025-03-06 22:23:15,677 - INFO - Applied rule 'commit\s+tran(saction)?' to 'COMMIT TRANSACTION' (2 occurrences) in sybase_good.sql
2025-03-06 22:23:15,677 - INFO - Applied rule 'rollback\s+tran(saction)?' to 'ROLLBACK TRANSACTION' (2 occurrences) in sybase_good.sql
2025-03-06 22:23:15,678 - INFO - Applied rule 'create\s+table\s+#' to 'CREATE TABLE #' (2 occurrences) in sybase_good.sql
2025-03-06 22:23:15,684 - INFO - Applied rule 'DATEADD\((\w+),\s*([^,]+),\s*([^)]+)\)' to 'DATEADD(\1, \2, \3)' (2 occurrences) in sybase_good.sql
2025-03-06 22:23:15,685 - INFO - Applied rule 'DATEDIFF\((\w+),\s*([^,]+),\s*([^)]+)\)' to 'DATEDIFF(\1, \2, \3)' (1 occurrences) in sybase_good.sql
2025-03-06 22:23:15,686 - INFO - Converted sybase_good.sql with 103 changes
2025-03-06 22:23:15,687 - INFO - Conversion complete. Processed 1 files, 1 had changes, 103 total changes.
2025-03-06 22:23:15,687 - INFO - Conversion completed
2025-03-06 22:23:15,687 - INFO - Files processed: 1
2025-03-06 22:23:15,687 - INFO - Files with changes: 1
2025-03-06 22:23:15,687 - INFO - Total changes made: 103
